[
  {
    "level": "INFO",
    "message": "android.ndkVersion from module build.gradle is [22.1.7171670]",
    "diagnosticCode": "UNKNOWN"
  },
  {
    "level": "INFO",
    "message": "android.ndkPath from module build.gradle is not set",
    "diagnosticCode": "UNKNOWN"
  },
  {
    "level": "INFO",
    "message": "ndk.dir in local.properties is not set",
    "diagnosticCode": "UNKNOWN"
  },
  {
    "level": "INFO",
    "message": "Not considering ANDROID_NDK_HOME because support was removed after deprecation period.",
    "diagnosticCode": "UNKNOWN"
  },
  {
    "level": "INFO",
    "message": "sdkFolder is /home/paocela/Android/Sdk",
    "diagnosticCode": "UNKNOWN"
  },
  {
    "level": "INFO",
    "message": "NDK side-by-side folder from sdkFolder /home/paocela/Android/Sdk/ndk does not exist",
    "diagnosticCode": "UNKNOWN"
  },
  {
    "level": "INFO",
    "message": "Folder /home/paocela/Android/Sdk/ndk/22.1.7171670 does not exist. Ignoring.",
    "diagnosticCode": "UNKNOWN"
  },
  {
    "level": "INFO",
    "message": "Folder /home/paocela/Android/Sdk/ndk-bundle does not exist. Ignoring.",
    "diagnosticCode": "UNKNOWN"
  },
  {
    "level": "INFO",
    "message": "No NDK was found. Trying to download it now.",
    "diagnosticCode": "UNKNOWN"
  },
  {
    "level": "INFO",
    "message": "NDK 22.1.7171670 was downloaded to /home/paocela/Android/Sdk/ndk/22.1.7171670. Using that.",
    "diagnosticCode": "UNKNOWN"
  }
]